<?xml version="1.0" encoding="UTF-8"?>
<!-- Generated by org.testng.reporters.JUnitReportReporter -->
<testsuite hostname="DESKTOP-4334PHR" name="maven.demo.SampleMavenProj.TestTest" tests="1" failures="0" timestamp="25 Aug 2020 03:05:29 GMT" time="0.001" errors="0">
  <testcase name="test" time="0.001" classname="maven.demo.SampleMavenProj.TestTest"/>
</testsuite> <!-- maven.demo.SampleMavenProj.TestTest -->
