<?xml version="1.0" encoding="UTF-8"?>
<!-- Generated by org.testng.reporters.JUnitReportReporter -->
<testsuite skipped="0" hostname="thripura-PC" name="maven.demo.SampleMavenProj.TestDemo" tests="1" failures="0" timestamp="16 Mar 2020 15:55:53 GMT" time="22.652" errors="0">
  <testcase name="m1" time="22.652" classname="maven.demo.SampleMavenProj.TestDemo"/>
</testsuite> <!-- maven.demo.SampleMavenProj.TestDemo -->
